GATA1
['AATGATAGTGTTAGCTTCCTTCCTTC', 'ACAGCTCTGCTTTTCTTTCTTCCCTT', 'ACCACATCTGTAATCTCAGCACCACA', 'AGGACCAAGGTTGTCTGACCTCAGTG', 'ATGTCTGAACTTATGTGTATGTGTGA', 'ATTGCCCAGATTACCTGAACAACAAG', 'CAAAACAAAATTATGTCATCAAGGCT', 'CAAAGGTCTTTTATCCTTACCTTGGC', 'CCCTGCTGAGTTAGCTAGCAACGGGA', 'CCGACCCTGCTTAGCTTCCGAGATCA', 'CTCCTCACCTTTGTCTTTTAGCAAAC', 'CTGCCCCAGGTTATCTGCAGGAACTG', 'CTGGATCTTGTGATCTAAGCCTGTGG', 'GGCTACCAGGTAATCTTCTTACACAC', 'GGGATGATTTTAATCTGGTTTTGGAA', 'GGGATGGCTCCTATCTCTCCCCCATA', 'TA', 'TCTTTTATCCTTACCTTGGCTGCCTT', 'TTCTGTGTATCTTGCCCCTCCT']
('chr6:47601484-47630654', 'ACAGCTCTGCTTTTCTTTCTTCCCTT', 1)
('chr6:47601484-47630654', 'ACAGCTCTGCTTTTCTTTCTTCCCTT', 2)
('chr6:47601484-47630654', 'ACAGCTCTGCTTTTCTTTCTTCCCTT', 3)
('chr6:47601484-47630654', 'ACAGCTCTGCTTTTCTTTCTTCCCTT', 4)
('chr6:47601484-47630654', 'ACAGCTCTGCTTTTCTTTCTTCCCTT', 5)
('chr6:47601484-47630654', 'ACAGCTCTGCTTTTCTTTCTTCCCTT', 6)
('chr6:47601484-47630654', 'ACAGCTCTGCTTTTCTTTCTTCCCTT', 7)
('chr6:47630673-47634976', 'ACAGCTCTGCTTTTCTTTCTTCCCTT', 1)
('chr6:47634996-47637061', 'ACAGCTCTGCTTTTCTTTCTTCCCTT', 1)
('chr6:47691247-47714582', 'ACAGCTCTGCTTTTCTTTCTTCCCTT', 1)
('chr6:47691247-47714582', 'ACAGCTCTGCTTTTCTTTCTTCCCTT', 2)
('chr6:47691247-47714582', 'ACAGCTCTGCTTTTCTTTCTTCCCTT', 3)
('chr6:47691247-47714582', 'ACAGCTCTGCTTTTCTTTCTTCCCTT', 4)
('chr6:47691247-47714582', 'ACAGCTCTGCTTTTCTTTCTTCCCTT', 5)
('chr6:47691247-47714582', 'ACAGCTCTGCTTTTCTTTCTTCCCTT', 6)
('chr6:47717167-47718848', 'ACAGCTCTGCTTTTCTTTCTTCCCTT', 1)
('chr6:47718976-47723395', 'ACAGCTCTGCTTTTCTTTCTTCCCTT', 1)
('chr9:14839909-14840393', 'ACCACATCTGTAATCTCAGCACCACA', 1)
('chr9:14839909-14840393', 'ACCACATCTGTAATCTCAGCACCACA', 2)
('chr9:14839909-14840393', 'ACCACATCTGTAATCTCAGCACCACA', 3)
('chr9:14839909-14840393', 'ACCACATCTGTAATCTCAGCACCACA', 4)
('chr9:14839909-14840393', 'ACCACATCTGTAATCTCAGCACCACA', 5)
('chr9:14839909-14840393', 'ACCACATCTGTAATCTCAGCACCACA', 6)
('chr9:14839909-14840393', 'ACCACATCTGTAATCTCAGCACCACA', 7)
('chr9:14839909-14840393', 'ACCACATCTGTAATCTCAGCACCACA', 8)
('chr9:14839909-14840393', 'ACCACATCTGTAATCTCAGCACCACA', 9)
('chr3:51569927-51570846', 'AGGACCAAGGTTGTCTGACCTCAGTG', 1)
('chr3:51569927-51570846', 'AGGACCAAGGTTGTCTGACCTCAGTG', 2)
('chr3:51569927-51570846', 'AGGACCAAGGTTGTCTGACCTCAGTG', 3)
('chr3:51569927-51570846', 'AGGACCAAGGTTGTCTGACCTCAGTG', 4)
('chr3:51569927-51570846', 'AGGACCAAGGTTGTCTGACCTCAGTG', 5)
('chr3:51569927-51570846', 'AGGACCAAGGTTGTCTGACCTCAGTG', 6)
('chr3:51569927-51570846', 'AGGACCAAGGTTGTCTGACCTCAGTG', 7)
('chr3:51569927-51570846', 'AGGACCAAGGTTGTCTGACCTCAGTG', 8)
('chr3:51569927-51570846', 'AGGACCAAGGTTGTCTGACCTCAGTG', 9)
('chr3:51569927-51570846', 'AGGACCAAGGTTGTCTGACCTCAGTG', 10)
('chr3:51569927-51570846', 'AGGACCAAGGTTGTCTGACCTCAGTG', 11)
('chr3:51569927-51570846', 'AGGACCAAGGTTGTCTGACCTCAGTG', 12)
('chr3:51569927-51570846', 'AGGACCAAGGTTGTCTGACCTCAGTG', 13)
('chr6:47601484-47630654', 'CAAAGGTCTTTTATCCTTACCTTGGC', 1)
('chr6:47601484-47630654', 'CAAAGGTCTTTTATCCTTACCTTGGC', 2)
('chr6:47601484-47630654', 'CAAAGGTCTTTTATCCTTACCTTGGC', 3)
('chr6:47601484-47630654', 'CAAAGGTCTTTTATCCTTACCTTGGC', 4)
('chr6:47601484-47630654', 'CAAAGGTCTTTTATCCTTACCTTGGC', 5)
('chr6:47601484-47630654', 'CAAAGGTCTTTTATCCTTACCTTGGC', 6)
('chr6:47601484-47630654', 'CAAAGGTCTTTTATCCTTACCTTGGC', 7)
('chr6:47630673-47634976', 'CAAAGGTCTTTTATCCTTACCTTGGC', 1)
('chr6:47691247-47714582', 'CAAAGGTCTTTTATCCTTACCTTGGC', 1)
('chr6:47691247-47714582', 'CAAAGGTCTTTTATCCTTACCTTGGC', 2)
('chr6:47691247-47714582', 'CAAAGGTCTTTTATCCTTACCTTGGC', 3)
('chr6:47691247-47714582', 'CAAAGGTCTTTTATCCTTACCTTGGC', 4)
('chr6:47691247-47714582', 'CAAAGGTCTTTTATCCTTACCTTGGC', 5)
('chr6:47691247-47714582', 'CAAAGGTCTTTTATCCTTACCTTGGC', 6)
('chr6:47718976-47723395', 'CAAAGGTCTTTTATCCTTACCTTGGC', 1)
('chr8:126062319-126062785', 'CCCTGCTGAGTTAGCTAGCAACGGGA', 1)
('chr8:126062871-126064404', 'CCCTGCTGAGTTAGCTAGCAACGGGA', 1)
('chr8:126076457-126077943', 'CCCTGCTGAGTTAGCTAGCAACGGGA', 1)
('chr8:126081025-126082562', 'CCCTGCTGAGTTAGCTAGCAACGGGA', 1)
('chr8:126083455-126084714', 'CCCTGCTGAGTTAGCTAGCAACGGGA', 1)
('chr8:126090036-126092733', 'CCCTGCTGAGTTAGCTAGCAACGGGA', 1)
('chr8:126094251-126094925', 'CCCTGCTGAGTTAGCTAGCAACGGGA', 1)
('chr8:126096278-126097659', 'CCCTGCTGAGTTAGCTAGCAACGGGA', 1)
('chr8:126097702-126099333', 'CCCTGCTGAGTTAGCTAGCAACGGGA', 1)
('chr8:126100187-126101801', 'CCCTGCTGAGTTAGCTAGCAACGGGA', 1)
('chr8:126101932-126103475', 'CCCTGCTGAGTTAGCTAGCAACGGGA', 1)
('chr8:126116623-126119851', 'CCCTGCTGAGTTAGCTAGCAACGGGA', 1)
('chr8:126116623-126119851', 'CCCTGCTGAGTTAGCTAGCAACGGGA', 2)
('chr8:126124355-126126073', 'CCCTGCTGAGTTAGCTAGCAACGGGA', 1)
('chr8:126128509-126129130', 'CCCTGCTGAGTTAGCTAGCAACGGGA', 1)
('chr8:126129185-126132309', 'CCCTGCTGAGTTAGCTAGCAACGGGA', 1)
('chr8:126129185-126132309', 'CCCTGCTGAGTTAGCTAGCAACGGGA', 2)
('chr8:126133550-126135243', 'CCCTGCTGAGTTAGCTAGCAACGGGA', 1)
('chr8:126135273-126136731', 'CCCTGCTGAGTTAGCTAGCAACGGGA', 1)
('chr8:126137775-126140111', 'CCCTGCTGAGTTAGCTAGCAACGGGA', 1)
('chr8:126145456-126146991', 'CCCTGCTGAGTTAGCTAGCAACGGGA', 1)
('chr8:126147120-126148262', 'CCCTGCTGAGTTAGCTAGCAACGGGA', 1)
('chr6:47601484-47630654', 'CTCCTCACCTTTGTCTTTTAGCAAAC', 1)
('chr6:47601484-47630654', 'CTCCTCACCTTTGTCTTTTAGCAAAC', 2)
('chr6:47601484-47630654', 'CTCCTCACCTTTGTCTTTTAGCAAAC', 3)
('chr6:47601484-47630654', 'CTCCTCACCTTTGTCTTTTAGCAAAC', 4)
('chr6:47601484-47630654', 'CTCCTCACCTTTGTCTTTTAGCAAAC', 5)
('chr6:47601484-47630654', 'CTCCTCACCTTTGTCTTTTAGCAAAC', 6)
('chr6:47601484-47630654', 'CTCCTCACCTTTGTCTTTTAGCAAAC', 7)
('chr6:47630673-47634976', 'CTCCTCACCTTTGTCTTTTAGCAAAC', 1)
('chr6:47691247-47714582', 'CTCCTCACCTTTGTCTTTTAGCAAAC', 1)
('chr6:47691247-47714582', 'CTCCTCACCTTTGTCTTTTAGCAAAC', 2)
('chr6:47691247-47714582', 'CTCCTCACCTTTGTCTTTTAGCAAAC', 3)
('chr6:47691247-47714582', 'CTCCTCACCTTTGTCTTTTAGCAAAC', 4)
('chr6:47691247-47714582', 'CTCCTCACCTTTGTCTTTTAGCAAAC', 5)
('chr6:47691247-47714582', 'CTCCTCACCTTTGTCTTTTAGCAAAC', 6)
('chr14:119280618-119281109', 'CTGCCCCAGGTTATCTGCAGGAACTG', 1)
('chr14:119280618-119281109', 'CTGCCCCAGGTTATCTGCAGGAACTG', 2)
('chr14:119280618-119281109', 'CTGCCCCAGGTTATCTGCAGGAACTG', 3)
('chr14:119280618-119281109', 'CTGCCCCAGGTTATCTGCAGGAACTG', 4)
('chr14:119280618-119281109', 'CTGCCCCAGGTTATCTGCAGGAACTG', 5)
('chr14:119280618-119281109', 'CTGCCCCAGGTTATCTGCAGGAACTG', 6)
('chr14:119280618-119281109', 'CTGCCCCAGGTTATCTGCAGGAACTG', 7)
('chr14:119280618-119281109', 'CTGCCCCAGGTTATCTGCAGGAACTG', 8)
('chr14:119280618-119281109', 'CTGCCCCAGGTTATCTGCAGGAACTG', 9)
('chr4:137599618-137600486', 'GGGATGGCTCCTATCTCTCCCCCATA', 1)
('chr4:137599618-137600486', 'GGGATGGCTCCTATCTCTCCCCCATA', 2)
('chr4:137599618-137600486', 'GGGATGGCTCCTATCTCTCCCCCATA', 3)
('chr4:137599618-137600486', 'GGGATGGCTCCTATCTCTCCCCCATA', 4)
('chr4:137599618-137600486', 'GGGATGGCTCCTATCTCTCCCCCATA', 5)
('chr4:137599618-137600486', 'GGGATGGCTCCTATCTCTCCCCCATA', 6)
('chr4:137599618-137600486', 'GGGATGGCTCCTATCTCTCCCCCATA', 7)
('chr4:137599618-137600486', 'GGGATGGCTCCTATCTCTCCCCCATA', 8)
('chr4:137599618-137600486', 'GGGATGGCTCCTATCTCTCCCCCATA', 9)
('chr4:137599618-137600486', 'GGGATGGCTCCTATCTCTCCCCCATA', 10)
('chr4:137599618-137600486', 'GGGATGGCTCCTATCTCTCCCCCATA', 11)
('chr4:137599618-137600486', 'GGGATGGCTCCTATCTCTCCCCCATA', 12)
('chr6:47601484-47630654', 'TCTTTTATCCTTACCTTGGCTGCCTT', 1)
('chr6:47601484-47630654', 'TCTTTTATCCTTACCTTGGCTGCCTT', 2)
('chr6:47601484-47630654', 'TCTTTTATCCTTACCTTGGCTGCCTT', 3)
('chr6:47601484-47630654', 'TCTTTTATCCTTACCTTGGCTGCCTT', 4)
('chr6:47601484-47630654', 'TCTTTTATCCTTACCTTGGCTGCCTT', 5)
('chr6:47601484-47630654', 'TCTTTTATCCTTACCTTGGCTGCCTT', 6)
('chr6:47601484-47630654', 'TCTTTTATCCTTACCTTGGCTGCCTT', 7)
('chr6:47630673-47634976', 'TCTTTTATCCTTACCTTGGCTGCCTT', 1)
('chr6:47691247-47714582', 'TCTTTTATCCTTACCTTGGCTGCCTT', 1)
('chr6:47691247-47714582', 'TCTTTTATCCTTACCTTGGCTGCCTT', 2)
('chr6:47691247-47714582', 'TCTTTTATCCTTACCTTGGCTGCCTT', 3)
('chr6:47691247-47714582', 'TCTTTTATCCTTACCTTGGCTGCCTT', 4)
('chr6:47691247-47714582', 'TCTTTTATCCTTACCTTGGCTGCCTT', 5)
('chr6:47691247-47714582', 'TCTTTTATCCTTACCTTGGCTGCCTT', 6)
('chr6:47718976-47723395', 'TCTTTTATCCTTACCTTGGCTGCCTT', 1)
('chr6:47726588-47727368', 'TCTTTTATCCTTACCTTGGCTGCCTT', 1)
